
ROM used: 33 (0%)
          33 (0%) including unused fragments

          0 Average locations per line
          3 Average locations per statement

RAM used: 7 (2%) at main() level
          7 (2%) worst case

Stack used: 0 worst case (out of 8 total available)

Lines Stmts  %   Files
----- ----- ---  -----
   31    12 100  Display.c
  326     0   0  ..\..\..\..\Program Files (x86)\PICC\devices\16F877A.H
----- -----
  357    12 Total

Page ROM  %  RAM   Vol Diff  Functions:
---- --- --- ---   --- ----  ----------
0     29  88   1   238  4.1  main

Program metrics:
    Functions               1
    Statements              12
    Comments                81
    Volume (V)              238
    Difficilty (D)          4.1
    Effort to implement (E) 973
    Time to implement (T)   1 minutes
    Est Delivered Bugs (B)  0
    Cyclomatic Complexity   2
    Maintainability (MI)    151

 Segment     Used  Free
-----------  ----  ----
00000-00003     4  0  
00004-007FF    29  2015  
00800-00FFF     0  2048  
01000-017FF     0  2048  
01800-01FFF     0  2048  



